mobile/app/build/intermediates/manifest_merge_blame_file/debug/manifest-merger-blame-debug-report.txt
1<?xml version="1.0" encoding="utf-8"?>
2<manifest xmlns:android="http://schemas.android.com/apk/res/android"
3    package="edu.cit.labaya.disasteraidconnect"
4    android:versionCode="1"
5    android:versionName="1.0" >
6
7    <uses-sdk
8        android:minSdkVersion="24"
9        android:targetSdkVersion="34" />
10
11    <uses-permission android:name="android.permission.INTERNET" />
11-->src\main\AndroidManifest.xml:5:5-66
11-->src\main\AndroidManifest.xml:5:22-64
12    <uses-permission android:name="android.permission.ACCESS_FINE_LOCATION" />
12-->src\main\AndroidManifest.xml:6:5-78
12-->src\main\AndroidManifest.xml:6:22-76
13    <uses-permission android:name="android.permission.ACCESS_COARSE_LOCATION" />
13-->src\main\AndroidManifest.xml:7:5-80
13-->src\main\AndroidManifest.xml:7:22-78
14    <uses-permission
14-->src\main\AndroidManifest.xml:8:5-9:37
15        android:name="android.permission.WRITE_EXTERNAL_STORAGE"
15-->src\main\AndroidManifest.xml:8:22-78
16        android:maxSdkVersion="28" />
16-->src\main\AndroidManifest.xml:9:9-35
17    <!-- Include required permissions for Google Maps API to run. -->
18    <uses-permission android:name="android.permission.ACCESS_NETWORK_STATE" />
18-->[com.google.android.gms:play-services-maps:18.2.0] AndroidManifest.xml:23:5-79
18-->[com.google.android.gms:play-services-maps:18.2.0] AndroidManifest.xml:23:22-76
19
20    <uses-feature
20-->[com.google.android.gms:play-services-maps:18.2.0] AndroidManifest.xml:26:5-28:35
21        android:glEsVersion="0x00020000"
21-->[com.google.android.gms:play-services-maps:18.2.0] AndroidManifest.xml:27:9-41
22        android:required="true" />
22-->[com.google.android.gms:play-services-maps:18.2.0] AndroidManifest.xml:28:9-32
23
24    <queries>
24-->[com.google.android.gms:play-services-maps:18.2.0] AndroidManifest.xml:30:5-34:15
25
26        <!-- Needs to be explicitly declared on Android R+ -->
27        <package android:name="com.google.android.apps.maps" />
27-->[com.google.android.gms:play-services-maps:18.2.0] AndroidManifest.xml:33:9-64
27-->[com.google.android.gms:play-services-maps:18.2.0] AndroidManifest.xml:33:18-61
28    </queries>
29
30    <permission
30-->[androidx.core:core:1.9.0] AndroidManifest.xml:22:5-24:47
31        android:name="edu.cit.labaya.disasteraidconnect.DYNAMIC_RECEIVER_NOT_EXPORTED_PERMISSION"
31-->[androidx.core:core:1.9.0] AndroidManifest.xml:23:9-81
32        android:protectionLevel="signature" />
32-->[androidx.core:core:1.9.0] AndroidManifest.xml:24:9-44
33
34    <uses-permission android:name="edu.cit.labaya.disasteraidconnect.DYNAMIC_RECEIVER_NOT_EXPORTED_PERMISSION" />
34-->[androidx.core:core:1.9.0] AndroidManifest.xml:26:5-97
34-->[androidx.core:core:1.9.0] AndroidManifest.xml:26:22-94
35
36    <supports-screens
36-->[org.osmdroid:osmdroid-android:6.1.18] AndroidManifest.xml:9:5-12:40
37        android:anyDensity="true"
37-->[org.osmdroid:osmdroid-android:6.1.18] AndroidManifest.xml:10:9-34
38        android:largeScreens="true"
38-->[org.osmdroid:osmdroid-android:6.1.18] AndroidManifest.xml:11:9-36
39        android:normalScreens="true" />
39-->[org.osmdroid:osmdroid-android:6.1.18] AndroidManifest.xml:12:9-37
40
41    <uses-feature
41-->[org.osmdroid:osmdroid-android:6.1.18] AndroidManifest.xml:14:5-16:36
42        android:name="android.hardware.location.network"
42-->[org.osmdroid:osmdroid-android:6.1.18] AndroidManifest.xml:15:9-57
43        android:required="false" />
43-->[org.osmdroid:osmdroid-android:6.1.18] AndroidManifest.xml:16:9-33
44    <uses-feature
44-->[org.osmdroid:osmdroid-android:6.1.18] AndroidManifest.xml:17:5-19:36
45        android:name="android.hardware.location.gps"
45-->[org.osmdroid:osmdroid-android:6.1.18] AndroidManifest.xml:18:9-53
46        android:required="false" />
46-->[org.osmdroid:osmdroid-android:6.1.18] AndroidManifest.xml:19:9-33
47    <uses-feature
47-->[org.osmdroid:osmdroid-android:6.1.18] AndroidManifest.xml:20:5-22:36
48        android:name="android.hardware.telephony"
48-->[org.osmdroid:osmdroid-android:6.1.18] AndroidManifest.xml:21:9-50
49        android:required="false" />
49-->[org.osmdroid:osmdroid-android:6.1.18] AndroidManifest.xml:22:9-33
50    <uses-feature
50-->[org.osmdroid:osmdroid-android:6.1.18] AndroidManifest.xml:23:5-25:36
51        android:name="android.hardware.wifi"
51-->[org.osmdroid:osmdroid-android:6.1.18] AndroidManifest.xml:24:9-45
52        android:required="false" />
52-->[org.osmdroid:osmdroid-android:6.1.18] AndroidManifest.xml:25:9-33
53
54    <application
54-->src\main\AndroidManifest.xml:10:5-52:19
55        android:name="edu.cit.labaya.disasteraidconnect.DisasterAidApp"
55-->src\main\AndroidManifest.xml:11:9-39
56        android:allowBackup="true"
56-->src\main\AndroidManifest.xml:12:9-35
57        android:appComponentFactory="androidx.core.app.CoreComponentFactory"
57-->[androidx.core:core:1.9.0] AndroidManifest.xml:28:18-86
58        android:debuggable="true"
59        android:extractNativeLibs="false"
60        android:icon="@drawable/ic_app_icon"
60-->src\main\AndroidManifest.xml:13:9-45
61        android:label="@string/app_name"
61-->src\main\AndroidManifest.xml:15:9-41
62        android:roundIcon="@drawable/ic_app_icon"
62-->src\main\AndroidManifest.xml:14:9-50
63        android:supportsRtl="true"
63-->src\main\AndroidManifest.xml:16:9-35
64        android:theme="@style/Theme.DisasterAidConnect"
64-->src\main\AndroidManifest.xml:17:9-56
65        android:usesCleartextTraffic="true" >
65-->src\main\AndroidManifest.xml:18:9-44
66        <activity
66-->src\main\AndroidManifest.xml:20:9-27:20
67            android:name="edu.cit.labaya.disasteraidconnect.ui.MainActivity"
67-->src\main\AndroidManifest.xml:21:13-44
68            android:exported="true" >
68-->src\main\AndroidManifest.xml:22:13-36
69            <intent-filter>
69-->src\main\AndroidManifest.xml:23:13-26:29
70                <action android:name="android.intent.action.MAIN" />
70-->src\main\AndroidManifest.xml:24:17-69
70-->src\main\AndroidManifest.xml:24:25-66
71
72                <category android:name="android.intent.category.LAUNCHER" />
72-->src\main\AndroidManifest.xml:25:17-77
72-->src\main\AndroidManifest.xml:25:27-74
73            </intent-filter>
74        </activity>
75        <activity
75-->src\main\AndroidManifest.xml:29:9-30:40
76            android:name="edu.cit.labaya.disasteraidconnect.ui.auth.login.LoginActivity"
76-->src\main\AndroidManifest.xml:29:19-62
77            android:exported="false" />
77-->src\main\AndroidManifest.xml:30:13-37
78        <activity
78-->src\main\AndroidManifest.xml:31:9-32:40
79            android:name="edu.cit.labaya.disasteraidconnect.ui.auth.register.RegisterActivity"
79-->src\main\AndroidManifest.xml:31:19-68
80            android:exported="false" />
80-->src\main\AndroidManifest.xml:32:13-37
81        <activity
81-->src\main\AndroidManifest.xml:33:9-34:40
82            android:name="edu.cit.labaya.disasteraidconnect.ui.dashboard.DashboardActivity"
82-->src\main\AndroidManifest.xml:33:19-65
83            android:exported="false" />
83-->src\main\AndroidManifest.xml:34:13-37
84        <activity
84-->src\main\AndroidManifest.xml:35:9-36:40
85            android:name="edu.cit.labaya.disasteraidconnect.ui.disaster.DisasterMapActivity"
85-->src\main\AndroidManifest.xml:35:19-66
86            android:exported="false" />
86-->src\main\AndroidManifest.xml:36:13-37
87        <activity
87-->src\main\AndroidManifest.xml:37:9-38:40
88            android:name="edu.cit.labaya.disasteraidconnect.ui.aidrequest.AidRequestActivity"
88-->src\main\AndroidManifest.xml:37:19-67
89            android:exported="false" />
89-->src\main\AndroidManifest.xml:38:13-37
90        <activity
90-->src\main\AndroidManifest.xml:39:9-40:40
91            android:name="edu.cit.labaya.disasteraidconnect.ui.donation.DonationActivity"
91-->src\main\AndroidManifest.xml:39:19-63
92            android:exported="false" />
92-->src\main\AndroidManifest.xml:40:13-37
93        <activity
93-->src\main\AndroidManifest.xml:41:9-42:40
94            android:name="edu.cit.labaya.disasteraidconnect.ui.admin.AdminDashboardActivity"
94-->src\main\AndroidManifest.xml:41:19-66
95            android:exported="false" />
95-->src\main\AndroidManifest.xml:42:13-37
96        <activity
96-->src\main\AndroidManifest.xml:43:9-44:40
97            android:name="edu.cit.labaya.disasteraidconnect.ui.admin.disasters.AdminDisastersActivity"
97-->src\main\AndroidManifest.xml:43:19-76
98            android:exported="false" />
98-->src\main\AndroidManifest.xml:44:13-37
99        <activity
99-->src\main\AndroidManifest.xml:45:9-46:40
100            android:name="edu.cit.labaya.disasteraidconnect.ui.admin.requests.AdminRequestsActivity"
100-->src\main\AndroidManifest.xml:45:19-74
101            android:exported="false" />
101-->src\main\AndroidManifest.xml:46:13-37
102        <activity
102-->src\main\AndroidManifest.xml:47:9-48:40
103            android:name="edu.cit.labaya.disasteraidconnect.ui.admin.donations.AdminDonationsActivity"
103-->src\main\AndroidManifest.xml:47:19-76
104            android:exported="false" />
104-->src\main\AndroidManifest.xml:48:13-37
105        <activity
105-->src\main\AndroidManifest.xml:49:9-50:40
106            android:name="edu.cit.labaya.disasteraidconnect.ui.admin.users.AdminUsersActivity"
106-->src\main\AndroidManifest.xml:49:19-68
107            android:exported="false" />
107-->src\main\AndroidManifest.xml:50:13-37
108
109        <provider
109-->[androidx.emoji2:emoji2:1.2.0] AndroidManifest.xml:24:9-32:20
110            android:name="androidx.startup.InitializationProvider"
110-->[androidx.emoji2:emoji2:1.2.0] AndroidManifest.xml:25:13-67
111            android:authorities="edu.cit.labaya.disasteraidconnect.androidx-startup"
111-->[androidx.emoji2:emoji2:1.2.0] AndroidManifest.xml:26:13-68
112            android:exported="false" >
112-->[androidx.emoji2:emoji2:1.2.0] AndroidManifest.xml:27:13-37
113            <meta-data
113-->[androidx.emoji2:emoji2:1.2.0] AndroidManifest.xml:29:13-31:52
114                android:name="androidx.emoji2.text.EmojiCompatInitializer"
114-->[androidx.emoji2:emoji2:1.2.0] AndroidManifest.xml:30:17-75
115                android:value="androidx.startup" />
115-->[androidx.emoji2:emoji2:1.2.0] AndroidManifest.xml:31:17-49
116            <meta-data
116-->[androidx.lifecycle:lifecycle-process:2.7.0] AndroidManifest.xml:29:13-31:52
117                android:name="androidx.lifecycle.ProcessLifecycleInitializer"
117-->[androidx.lifecycle:lifecycle-process:2.7.0] AndroidManifest.xml:30:17-78
118                android:value="androidx.startup" />
118-->[androidx.lifecycle:lifecycle-process:2.7.0] AndroidManifest.xml:31:17-49
119            <meta-data
119-->[androidx.profileinstaller:profileinstaller:1.3.0] AndroidManifest.xml:29:13-31:52
120                android:name="androidx.profileinstaller.ProfileInstallerInitializer"
120-->[androidx.profileinstaller:profileinstaller:1.3.0] AndroidManifest.xml:30:17-85
121                android:value="androidx.startup" />
121-->[androidx.profileinstaller:profileinstaller:1.3.0] AndroidManifest.xml:31:17-49
122        </provider> <!-- Needs to be explicitly declared on P+ -->
123        <uses-library
123-->[com.google.android.gms:play-services-maps:18.2.0] AndroidManifest.xml:39:9-41:40
124            android:name="org.apache.http.legacy"
124-->[com.google.android.gms:play-services-maps:18.2.0] AndroidManifest.xml:40:13-50
125            android:required="false" />
125-->[com.google.android.gms:play-services-maps:18.2.0] AndroidManifest.xml:41:13-37
126
127        <activity
127-->[com.google.android.gms:play-services-base:18.1.0] AndroidManifest.xml:20:9-22:45
128            android:name="com.google.android.gms.common.api.GoogleApiActivity"
128-->[com.google.android.gms:play-services-base:18.1.0] AndroidManifest.xml:20:19-85
129            android:exported="false"
129-->[com.google.android.gms:play-services-base:18.1.0] AndroidManifest.xml:22:19-43
130            android:theme="@android:style/Theme.Translucent.NoTitleBar" />
130-->[com.google.android.gms:play-services-base:18.1.0] AndroidManifest.xml:21:19-78
131
132        <meta-data
132-->[com.google.android.gms:play-services-basement:18.1.0] AndroidManifest.xml:21:9-23:69
133            android:name="com.google.android.gms.version"
133-->[com.google.android.gms:play-services-basement:18.1.0] AndroidManifest.xml:22:13-58
134            android:value="@integer/google_play_services_version" />
134-->[com.google.android.gms:play-services-basement:18.1.0] AndroidManifest.xml:23:13-66
135
136        <receiver
136-->[androidx.profileinstaller:profileinstaller:1.3.0] AndroidManifest.xml:34:9-52:20
137            android:name="androidx.profileinstaller.ProfileInstallReceiver"
137-->[androidx.profileinstaller:profileinstaller:1.3.0] AndroidManifest.xml:35:13-76
138            android:directBootAware="false"
138-->[androidx.profileinstaller:profileinstaller:1.3.0] AndroidManifest.xml:36:13-44
139            android:enabled="true"
139-->[androidx.profileinstaller:profileinstaller:1.3.0] AndroidManifest.xml:37:13-35
140            android:exported="true"
140-->[androidx.profileinstaller:profileinstaller:1.3.0] AndroidManifest.xml:38:13-36
141            android:permission="android.permission.DUMP" >
141-->[androidx.profileinstaller:profileinstaller:1.3.0] AndroidManifest.xml:39:13-57
142            <intent-filter>
142-->[androidx.profileinstaller:profileinstaller:1.3.0] AndroidManifest.xml:40:13-42:29
143                <action android:name="androidx.profileinstaller.action.INSTALL_PROFILE" />
143-->[androidx.profileinstaller:profileinstaller:1.3.0] AndroidManifest.xml:41:17-91
143-->[androidx.profileinstaller:profileinstaller:1.3.0] AndroidManifest.xml:41:25-88
144            </intent-filter>
145            <intent-filter>
145-->[androidx.profileinstaller:profileinstaller:1.3.0] AndroidManifest.xml:43:13-45:29
146                <action android:name="androidx.profileinstaller.action.SKIP_FILE" />
146-->[androidx.profileinstaller:profileinstaller:1.3.0] AndroidManifest.xml:44:17-85
146-->[androidx.profileinstaller:profileinstaller:1.3.0] AndroidManifest.xml:44:25-82
147            </intent-filter>
148            <intent-filter>
148-->[androidx.profileinstaller:profileinstaller:1.3.0] AndroidManifest.xml:46:13-48:29
149                <action android:name="androidx.profileinstaller.action.SAVE_PROFILE" />
149-->[androidx.profileinstaller:profileinstaller:1.3.0] AndroidManifest.xml:47:17-88
149-->[androidx.profileinstaller:profileinstaller:1.3.0] AndroidManifest.xml:47:25-85
150            </intent-filter>
151            <intent-filter>
151-->[androidx.profileinstaller:profileinstaller:1.3.0] AndroidManifest.xml:49:13-51:29
152                <action android:name="androidx.profileinstaller.action.BENCHMARK_OPERATION" />
152-->[androidx.profileinstaller:profileinstaller:1.3.0] AndroidManifest.xml:50:17-95
152-->[androidx.profileinstaller:profileinstaller:1.3.0] AndroidManifest.xml:50:25-92
153            </intent-filter>
154        </receiver>
155    </application>
156
157</manifest>